This is pdfTeX, Version 3.14159265-2.6-1.40.16 (MiKTeX 2.9) (preloaded format=pdflatex 2016.4.29)  1 MAY 2016 12:55
entering extended mode
**"D:/Users/SuperMan/Documents/TeX Files/0430-1.tex"
("D:/Users/SuperMan/Documents/TeX Files/0430-1.tex"
LaTeX2e <2015/01/01> patch level 2
Babel <3.9m> and hyphenation patterns for 69 languages loaded.
("D:\Program Files (x86)\MiKTeX 2.9\tex\latex\base\article.cls"
Document Class: article 2014/09/29 v1.4h Standard LaTeX document class
("D:\Program Files (x86)\MiKTeX 2.9\tex\latex\base\size10.clo"
File: size10.clo 2014/09/29 v1.4h Standard LaTeX file (size option)
)
\c@part=\count79
\c@section=\count80
\c@subsection=\count81
\c@subsubsection=\count82
\c@paragraph=\count83
\c@subparagraph=\count84
\c@figure=\count85
\c@table=\count86
\abovecaptionskip=\skip41
\belowcaptionskip=\skip42
\bibindent=\dimen102
)
("D:\Program Files (x86)\MiKTeX 2.9\tex\latex\cjk\CJKutf8.sty"
Package: CJKutf8 2015/04/18 4.8.4

("D:\Program Files (x86)\MiKTeX 2.9\tex\generic\oberdiek\ifpdf.sty"
Package: ifpdf 2011/01/30 v2.3 Provides the ifpdf switch (HO)
Package ifpdf Info: pdfTeX in PDF mode is detected.
)
("D:\Program Files (x86)\MiKTeX 2.9\tex\latex\base\inputenc.sty"
Package: inputenc 2015/03/17 v1.2c Input encoding file
\inpenc@prehook=\toks14
\inpenc@posthook=\toks15

("D:\Program Files (x86)\MiKTeX 2.9\tex\latex\base\utf8.def"
File: utf8.def 2015/06/27 v1.1n UTF-8 support for inputenc
Now handling font encoding OML ...
... no UTF-8 mapping file for font encoding OML
Now handling font encoding T1 ...
... processing UTF-8 mapping file for font encoding T1

("D:\Program Files (x86)\MiKTeX 2.9\tex\latex\base\t1enc.dfu"
File: t1enc.dfu 2015/06/27 v1.1n UTF-8 support for inputenc
   defining Unicode char U+00A1 (decimal 161)
   defining Unicode char U+00A3 (decimal 163)
   defining Unicode char U+00AB (decimal 171)
   defining Unicode char U+00BB (decimal 187)
   defining Unicode char U+00BF (decimal 191)
   defining Unicode char U+00C0 (decimal 192)
   defining Unicode char U+00C1 (decimal 193)
   defining Unicode char U+00C2 (decimal 194)
   defining Unicode char U+00C3 (decimal 195)
   defining Unicode char U+00C4 (decimal 196)
   defining Unicode char U+00C5 (decimal 197)
   defining Unicode char U+00C6 (decimal 198)
   defining Unicode char U+00C7 (decimal 199)
   defining Unicode char U+00C8 (decimal 200)
   defining Unicode char U+00C9 (decimal 201)
   defining Unicode char U+00CA (decimal 202)
   defining Unicode char U+00CB (decimal 203)
   defining Unicode char U+00CC (decimal 204)
   defining Unicode char U+00CD (decimal 205)
   defining Unicode char U+00CE (decimal 206)
   defining Unicode char U+00CF (decimal 207)
   defining Unicode char U+00D0 (decimal 208)
   defining Unicode char U+00D1 (decimal 209)
   defining Unicode char U+00D2 (decimal 210)
   defining Unicode char U+00D3 (decimal 211)
   defining Unicode char U+00D4 (decimal 212)
   defining Unicode char U+00D5 (decimal 213)
   defining Unicode char U+00D6 (decimal 214)
   defining Unicode char U+00D8 (decimal 216)
   defining Unicode char U+00D9 (decimal 217)
   defining Unicode char U+00DA (decimal 218)
   defining Unicode char U+00DB (decimal 219)
   defining Unicode char U+00DC (decimal 220)
   defining Unicode char U+00DD (decimal 221)
   defining Unicode char U+00DE (decimal 222)
   defining Unicode char U+00DF (decimal 223)
   defining Unicode char U+00E0 (decimal 224)
   defining Unicode char U+00E1 (decimal 225)
   defining Unicode char U+00E2 (decimal 226)
   defining Unicode char U+00E3 (decimal 227)
   defining Unicode char U+00E4 (decimal 228)
   defining Unicode char U+00E5 (decimal 229)
   defining Unicode char U+00E6 (decimal 230)
   defining Unicode char U+00E7 (decimal 231)
   defining Unicode char U+00E8 (decimal 232)
   defining Unicode char U+00E9 (decimal 233)
   defining Unicode char U+00EA (decimal 234)
   defining Unicode char U+00EB (decimal 235)
   defining Unicode char U+00EC (decimal 236)
   defining Unicode char U+00ED (decimal 237)
   defining Unicode char U+00EE (decimal 238)
   defining Unicode char U+00EF (decimal 239)
   defining Unicode char U+00F0 (decimal 240)
   defining Unicode char U+00F1 (decimal 241)
   defining Unicode char U+00F2 (decimal 242)
   defining Unicode char U+00F3 (decimal 243)
   defining Unicode char U+00F4 (decimal 244)
   defining Unicode char U+00F5 (decimal 245)
   defining Unicode char U+00F6 (decimal 246)
   defining Unicode char U+00F8 (decimal 248)
   defining Unicode char U+00F9 (decimal 249)
   defining Unicode char U+00FA (decimal 250)
   defining Unicode char U+00FB (decimal 251)
   defining Unicode char U+00FC (decimal 252)
   defining Unicode char U+00FD (decimal 253)
   defining Unicode char U+00FE (decimal 254)
   defining Unicode char U+00FF (decimal 255)
   defining Unicode char U+0102 (decimal 258)
   defining Unicode char U+0103 (decimal 259)
   defining Unicode char U+0104 (decimal 260)
   defining Unicode char U+0105 (decimal 261)
   defining Unicode char U+0106 (decimal 262)
   defining Unicode char U+0107 (decimal 263)
   defining Unicode char U+010C (decimal 268)
   defining Unicode char U+010D (decimal 269)
   defining Unicode char U+010E (decimal 270)
   defining Unicode char U+010F (decimal 271)
   defining Unicode char U+0110 (decimal 272)
   defining Unicode char U+0111 (decimal 273)
   defining Unicode char U+0118 (decimal 280)
   defining Unicode char U+0119 (decimal 281)
   defining Unicode char U+011A (decimal 282)
   defining Unicode char U+011B (decimal 283)
   defining Unicode char U+011E (decimal 286)
   defining Unicode char U+011F (decimal 287)
   defining Unicode char U+0130 (decimal 304)
   defining Unicode char U+0131 (decimal 305)
   defining Unicode char U+0132 (decimal 306)
   defining Unicode char U+0133 (decimal 307)
   defining Unicode char U+0139 (decimal 313)
   defining Unicode char U+013A (decimal 314)
   defining Unicode char U+013D (decimal 317)
   defining Unicode char U+013E (decimal 318)
   defining Unicode char U+0141 (decimal 321)
   defining Unicode char U+0142 (decimal 322)
   defining Unicode char U+0143 (decimal 323)
   defining Unicode char U+0144 (decimal 324)
   defining Unicode char U+0147 (decimal 327)
   defining Unicode char U+0148 (decimal 328)
   defining Unicode char U+014A (decimal 330)
   defining Unicode char U+014B (decimal 331)
   defining Unicode char U+0150 (decimal 336)
   defining Unicode char U+0151 (decimal 337)
   defining Unicode char U+0152 (decimal 338)
   defining Unicode char U+0153 (decimal 339)
   defining Unicode char U+0154 (decimal 340)
   defining Unicode char U+0155 (decimal 341)
   defining Unicode char U+0158 (decimal 344)
   defining Unicode char U+0159 (decimal 345)
   defining Unicode char U+015A (decimal 346)
   defining Unicode char U+015B (decimal 347)
   defining Unicode char U+015E (decimal 350)
   defining Unicode char U+015F (decimal 351)
   defining Unicode char U+0160 (decimal 352)
   defining Unicode char U+0161 (decimal 353)
   defining Unicode char U+0162 (decimal 354)
   defining Unicode char U+0163 (decimal 355)
   defining Unicode char U+0164 (decimal 356)
   defining Unicode char U+0165 (decimal 357)
   defining Unicode char U+016E (decimal 366)
   defining Unicode char U+016F (decimal 367)
   defining Unicode char U+0170 (decimal 368)
   defining Unicode char U+0171 (decimal 369)
   defining Unicode char U+0178 (decimal 376)
   defining Unicode char U+0179 (decimal 377)
   defining Unicode char U+017A (decimal 378)
   defining Unicode char U+017B (decimal 379)
   defining Unicode char U+017C (decimal 380)
   defining Unicode char U+017D (decimal 381)
   defining Unicode char U+017E (decimal 382)
   defining Unicode char U+200C (decimal 8204)
   defining Unicode char U+2013 (decimal 8211)
   defining Unicode char U+2014 (decimal 8212)
   defining Unicode char U+2018 (decimal 8216)
   defining Unicode char U+2019 (decimal 8217)
   defining Unicode char U+201A (decimal 8218)
   defining Unicode char U+201C (decimal 8220)
   defining Unicode char U+201D (decimal 8221)
   defining Unicode char U+201E (decimal 8222)
   defining Unicode char U+2030 (decimal 8240)
   defining Unicode char U+2031 (decimal 8241)
   defining Unicode char U+2039 (decimal 8249)
   defining Unicode char U+203A (decimal 8250)
   defining Unicode char U+2423 (decimal 9251)
)
Now handling font encoding OT1 ...
... processing UTF-8 mapping file for font encoding OT1

("D:\Program Files (x86)\MiKTeX 2.9\tex\latex\base\ot1enc.dfu"
File: ot1enc.dfu 2015/06/27 v1.1n UTF-8 support for inputenc
   defining Unicode char U+00A1 (decimal 161)
   defining Unicode char U+00A3 (decimal 163)
   defining Unicode char U+00B8 (decimal 184)
   defining Unicode char U+00BF (decimal 191)
   defining Unicode char U+00C5 (decimal 197)
   defining Unicode char U+00C6 (decimal 198)
   defining Unicode char U+00D8 (decimal 216)
   defining Unicode char U+00DF (decimal 223)
   defining Unicode char U+00E6 (decimal 230)
   defining Unicode char U+00EC (decimal 236)
   defining Unicode char U+00ED (decimal 237)
   defining Unicode char U+00EE (decimal 238)
   defining Unicode char U+00EF (decimal 239)
   defining Unicode char U+00F8 (decimal 248)
   defining Unicode char U+0131 (decimal 305)
   defining Unicode char U+0141 (decimal 321)
   defining Unicode char U+0142 (decimal 322)
   defining Unicode char U+0152 (decimal 338)
   defining Unicode char U+0153 (decimal 339)
   defining Unicode char U+2013 (decimal 8211)
   defining Unicode char U+2014 (decimal 8212)
   defining Unicode char U+2018 (decimal 8216)
   defining Unicode char U+2019 (decimal 8217)
   defining Unicode char U+201C (decimal 8220)
   defining Unicode char U+201D (decimal 8221)
)
Now handling font encoding OMS ...
... processing UTF-8 mapping file for font encoding OMS

("D:\Program Files (x86)\MiKTeX 2.9\tex\latex\base\omsenc.dfu"
File: omsenc.dfu 2015/06/27 v1.1n UTF-8 support for inputenc
   defining Unicode char U+00A7 (decimal 167)
   defining Unicode char U+00B6 (decimal 182)
   defining Unicode char U+00B7 (decimal 183)
   defining Unicode char U+2020 (decimal 8224)
   defining Unicode char U+2021 (decimal 8225)
   defining Unicode char U+2022 (decimal 8226)
)
Now handling font encoding OMX ...
... no UTF-8 mapping file for font encoding OMX
Now handling font encoding U ...
... no UTF-8 mapping file for font encoding U
   defining Unicode char U+00A9 (decimal 169)
   defining Unicode char U+00AA (decimal 170)
   defining Unicode char U+00AE (decimal 174)
   defining Unicode char U+00BA (decimal 186)
   defining Unicode char U+02C6 (decimal 710)
   defining Unicode char U+02DC (decimal 732)
   defining Unicode char U+200C (decimal 8204)
   defining Unicode char U+2026 (decimal 8230)
   defining Unicode char U+2122 (decimal 8482)
   defining Unicode char U+2423 (decimal 9251)
))
("D:\Program Files (x86)\MiKTeX 2.9\tex\latex\cjk\CJK.sty"
Package: CJK 2015/04/18 4.8.4

("D:\Program Files (x86)\MiKTeX 2.9\tex\latex\cjk\mule\MULEenc.sty"
Package: MULEenc 2015/04/18 4.8.4
)
("D:\Program Files (x86)\MiKTeX 2.9\tex\latex\cjk\CJK.enc"
File: CJK.enc 2015/04/18 4.8.4
Now handling font encoding C00 ...
... no UTF-8 mapping file for font encoding C00
Now handling font encoding C05 ...
... no UTF-8 mapping file for font encoding C05
Now handling font encoding C09 ...
... no UTF-8 mapping file for font encoding C09
Now handling font encoding C10 ...
... no UTF-8 mapping file for font encoding C10
Now handling font encoding C20 ...
... no UTF-8 mapping file for font encoding C20
Now handling font encoding C19 ...
... no UTF-8 mapping file for font encoding C19
Now handling font encoding C40 ...
... no UTF-8 mapping file for font encoding C40
Now handling font encoding C42 ...
... no UTF-8 mapping file for font encoding C42
Now handling font encoding C43 ...
... no UTF-8 mapping file for font encoding C43
Now handling font encoding C50 ...
... no UTF-8 mapping file for font encoding C50
Now handling font encoding C52 ...
... no UTF-8 mapping file for font encoding C52
Now handling font encoding C49 ...
... no UTF-8 mapping file for font encoding C49
Now handling font encoding C60 ...
... no UTF-8 mapping file for font encoding C60
Now handling font encoding C61 ...
... no UTF-8 mapping file for font encoding C61
Now handling font encoding C63 ...
... no UTF-8 mapping file for font encoding C63
Now handling font encoding C64 ...
... no UTF-8 mapping file for font encoding C64
Now handling font encoding C65 ...
... no UTF-8 mapping file for font encoding C65
Now handling font encoding C70 ...
... no UTF-8 mapping file for font encoding C70
Now handling font encoding C31 ...
... no UTF-8 mapping file for font encoding C31
Now handling font encoding C32 ...
... no UTF-8 mapping file for font encoding C32
Now handling font encoding C33 ...
... no UTF-8 mapping file for font encoding C33
Now handling font encoding C34 ...
... no UTF-8 mapping file for font encoding C34
Now handling font encoding C35 ...
... no UTF-8 mapping file for font encoding C35
Now handling font encoding C36 ...
... no UTF-8 mapping file for font encoding C36
Now handling font encoding C37 ...
... no UTF-8 mapping file for font encoding C37
Now handling font encoding C80 ...
... no UTF-8 mapping file for font encoding C80
Now handling font encoding C81 ...
... no UTF-8 mapping file for font encoding C81
Now handling font encoding C01 ...
... no UTF-8 mapping file for font encoding C01
Now handling font encoding C11 ...
... no UTF-8 mapping file for font encoding C11
Now handling font encoding C21 ...
... no UTF-8 mapping file for font encoding C21
Now handling font encoding C41 ...
... no UTF-8 mapping file for font encoding C41
Now handling font encoding C62 ...
... no UTF-8 mapping file for font encoding C62
)
LaTeX Info: Redefining \selectfont on input line 755.
\CJK@indent=\box26
)
("D:\Program Files (x86)\MiKTeX 2.9\tex\latex\base\fontenc.sty"
Package: fontenc 2005/09/27 v1.99g Standard LaTeX package
)) (0430-1.aux)
LaTeX Font Info:    Checking defaults for OML/cmm/m/it on input line 5.
LaTeX Font Info:    ... okay on input line 5.
LaTeX Font Info:    Checking defaults for T1/cmr/m/n on input line 5.
LaTeX Font Info:    ... okay on input line 5.
LaTeX Font Info:    Checking defaults for OT1/cmr/m/n on input line 5.
LaTeX Font Info:    ... okay on input line 5.
LaTeX Font Info:    Checking defaults for OMS/cmsy/m/n on input line 5.
LaTeX Font Info:    ... okay on input line 5.
LaTeX Font Info:    Checking defaults for OMX/cmex/m/n on input line 5.
LaTeX Font Info:    ... okay on input line 5.
LaTeX Font Info:    Checking defaults for U/cmr/m/n on input line 5.
LaTeX Font Info:    ... okay on input line 5.
LaTeX Font Info:    Checking defaults for C00/song/m/n on input line 5.
LaTeX Font Info:    ... okay on input line 5.
LaTeX Font Info:    Checking defaults for C05/song/m/n on input line 5.
LaTeX Font Info:    ... okay on input line 5.
LaTeX Font Info:    Checking defaults for C09/song/m/n on input line 5.
LaTeX Font Info:    ... okay on input line 5.
LaTeX Font Info:    Checking defaults for C10/song/m/n on input line 5.
LaTeX Font Info:    ... okay on input line 5.
LaTeX Font Info:    Checking defaults for C20/song/m/n on input line 5.
LaTeX Font Info:    ... okay on input line 5.
LaTeX Font Info:    Checking defaults for C19/song/m/n on input line 5.
LaTeX Font Info:    ... okay on input line 5.
LaTeX Font Info:    Checking defaults for C40/song/m/n on input line 5.
LaTeX Font Info:    ... okay on input line 5.
LaTeX Font Info:    Checking defaults for C42/song/m/n on input line 5.
LaTeX Font Info:    ... okay on input line 5.
LaTeX Font Info:    Checking defaults for C43/song/m/n on input line 5.
LaTeX Font Info:    ... okay on input line 5.
LaTeX Font Info:    Checking defaults for C50/song/m/n on input line 5.
LaTeX Font Info:    ... okay on input line 5.
LaTeX Font Info:    Checking defaults for C52/song/m/n on input line 5.
LaTeX Font Info:    ... okay on input line 5.
LaTeX Font Info:    Checking defaults for C49/song/m/n on input line 5.
LaTeX Font Info:    ... okay on input line 5.
LaTeX Font Info:    Checking defaults for C60/mj/m/n on input line 5.
LaTeX Font Info:    ... okay on input line 5.
LaTeX Font Info:    Checking defaults for C61/mj/m/n on input line 5.
LaTeX Font Info:    ... okay on input line 5.
LaTeX Font Info:    Checking defaults for C63/mj/m/n on input line 5.
LaTeX Font Info:    ... okay on input line 5.
LaTeX Font Info:    Checking defaults for C64/mj/m/n on input line 5.
LaTeX Font Info:    ... okay on input line 5.
LaTeX Font Info:    Checking defaults for C65/mj/m/n on input line 5.
LaTeX Font Info:    ... okay on input line 5.
LaTeX Font Info:    Checking defaults for C70/song/m/n on input line 5.
LaTeX Font Info:    ... okay on input line 5.
LaTeX Font Info:    Checking defaults for C31/song/m/n on input line 5.
LaTeX Font Info:    ... okay on input line 5.
LaTeX Font Info:    Checking defaults for C32/song/m/n on input line 5.
LaTeX Font Info:    ... okay on input line 5.
LaTeX Font Info:    Checking defaults for C33/song/m/n on input line 5.
LaTeX Font Info:    ... okay on input line 5.
LaTeX Font Info:    Checking defaults for C34/song/m/n on input line 5.
LaTeX Font Info:    ... okay on input line 5.
LaTeX Font Info:    Checking defaults for C35/song/m/n on input line 5.
LaTeX Font Info:    ... okay on input line 5.
LaTeX Font Info:    Checking defaults for C36/song/m/n on input line 5.
LaTeX Font Info:    ... okay on input line 5.
LaTeX Font Info:    Checking defaults for C37/song/m/n on input line 5.
LaTeX Font Info:    ... okay on input line 5.
LaTeX Font Info:    Checking defaults for C80/song/m/n on input line 5.
LaTeX Font Info:    ... okay on input line 5.
LaTeX Font Info:    Checking defaults for C81/song/m/n on input line 5.
LaTeX Font Info:    ... okay on input line 5.
LaTeX Font Info:    Checking defaults for C01/song/m/n on input line 5.
LaTeX Font Info:    ... okay on input line 5.
LaTeX Font Info:    Checking defaults for C11/song/m/n on input line 5.
LaTeX Font Info:    ... okay on input line 5.
LaTeX Font Info:    Checking defaults for C21/song/m/n on input line 5.
LaTeX Font Info:    ... okay on input line 5.
LaTeX Font Info:    Checking defaults for C41/song/m/n on input line 5.
LaTeX Font Info:    ... okay on input line 5.
LaTeX Font Info:    Checking defaults for C62/song/m/n on input line 5.
LaTeX Font Info:    ... okay on input line 5.

("D:\Program Files (x86)\MiKTeX 2.9\tex\latex\cjk\UTF8\UTF8.bdg"
File: UTF8.bdg 2015/04/18 4.8.4
)
("D:\Program Files (x86)\MiKTeX 2.9\tex\latex\cjk\UTF8\UTF8.enc"
File: UTF8.enc 2015/04/18 4.8.4
)
("D:\Program Files (x86)\MiKTeX 2.9\tex\latex\cjk\UTF8\UTF8.chr"
File: UTF8.chr 2015/04/18 4.8.4
)
LaTeX Font Info:    Try loading font information for C70+gbsn on input line 9.

("D:\Program Files (x86)\MiKTeX 2.9\tex\latex\cjk\UTF8\c70gbsn.fd"
File: c70gbsn.fd 2015/04/18 4.8.4
)
("D:\Program Files (x86)\MiKTeX 2.9\tex\latex\cjk\UTF8\c70gbsn.fdx"
File: c70gbsn.fdx 2015/04/18 4.8.4
)
LaTeX Font Info:    External font `cmex10' loaded for size
(Font)              <7> on input line 12.
LaTeX Font Info:    External font `cmex10' loaded for size
(Font)              <5> on input line 12.

("D:\Program Files (x86)\MiKTeX 2.9\tex\latex\cjk\UTF8\UTF8.enc"
File: UTF8.enc 2015/04/18 4.8.4
)
("D:\Program Files (x86)\MiKTeX 2.9\tex\latex\cjk\UTF8\UTF8.chr"
File: UTF8.chr 2015/04/18 4.8.4
)
LaTeX Font Info:    Try loading font information for C70+gkai on input line 20.


("D:\Program Files (x86)\MiKTeX 2.9\tex\latex\cjk\UTF8\c70gkai.fd"
File: c70gkai.fd 2015/04/18 4.8.4
)
("D:\Program Files (x86)\MiKTeX 2.9\tex\latex\cjk\UTF8\c70gkai.fdx"
File: c70gkai.fdx 2015/04/18 4.8.4
)
("D:\Program Files (x86)\MiKTeX 2.9\tex\latex\cjk\UTF8\UTF8.enc"
File: UTF8.enc 2015/04/18 4.8.4
)
("D:\Program Files (x86)\MiKTeX 2.9\tex\latex\cjk\UTF8\UTF8.chr"
File: UTF8.chr 2015/04/18 4.8.4
)
LaTeX Font Info:    Try loading font information for C70+bkai on input line 24.


("D:\Program Files (x86)\MiKTeX 2.9\tex\latex\cjk\UTF8\c70bkai.fd"
File: c70bkai.fd 2015/04/18 4.8.4
)
("D:\Program Files (x86)\MiKTeX 2.9\tex\latex\cjk\UTF8\c70bkai.fdx"
File: c70bkai.fdx 2015/04/18 4.8.4
)
("D:\Program Files (x86)\MiKTeX 2.9\tex\latex\cjk\UTF8\UTF8.enc"
File: UTF8.enc 2015/04/18 4.8.4
)
("D:\Program Files (x86)\MiKTeX 2.9\tex\latex\cjk\UTF8\UTF8.chr"
File: UTF8.chr 2015/04/18 4.8.4
)
LaTeX Font Info:    Try loading font information for C70+bsmi on input line 28.


("D:\Program Files (x86)\MiKTeX 2.9\tex\latex\cjk\UTF8\c70bsmi.fd"
File: c70bsmi.fd 2015/04/18 4.8.4
)
("D:\Program Files (x86)\MiKTeX 2.9\tex\latex\cjk\UTF8\c70bsmi.fdx"
File: c70bsmi.fdx 2015/04/18 4.8.4
)
Missing character: There is no * in font bsmiu4e!
 [1

{C:/Users/SuperMan/AppData/Local/MiKTeX/2.9/pdftex/config/pdftex.map}] (0430-1.
aux) ) 
Here is how much of TeX's memory you used:
 2437 strings out of 493673
 31905 string characters out of 3141521
 77579 words of memory out of 3000000
 5626 multiletter control sequences out of 15000+200000
 22502 words of font info for 81 fonts, out of 3000000 for 9000
 1025 hyphenation exceptions out of 8191
 30i,5n,28p,803b,874s stack positions out of 5000i,500n,10000p,200000b,50000s
<D:/Program Files (x86)/MiKTeX 2.9/fonts/type1/arphic/bkaiu/bkaiu30.pfb><
D:/Program Files (x86)/MiKTeX 2.9/fonts/type1/arphic/bkaiu/bkaiu4e.pfb><D:/Prog
ram Files (x86)/MiKTeX 2.9/fonts/type1/arphic/bkaiu/bkaiu50.pfb><D:/Program Fil
es (x86)/MiKTeX 2.9/fonts/type1/arphic/bkaiu/bkaiu5b.pfb><D:/Program Files (x86
)/MiKTeX 2.9/fonts/type1/arphic/bkaiu/bkaiu65.pfb><D:/Program Files (x86)/MiKTe
X 2.9/fonts/type1/arphic/bkaiu/bkaiu66.pfb><D:/Program Files (x86)/MiKTeX 2.9/f
onts/type1/arphic/bkaiu/bkaiu69.pfb><D:/Program Files (x86)/MiKTeX 2.9/fonts/ty
pe1/arphic/bkaiu/bkaiu6e.pfb><D:/Program Files (x86)/MiKTeX 2.9/fonts/type1/arp
hic/bkaiu/bkaiu74.pfb><D:/Program Files (x86)/MiKTeX 2.9/fonts/type1/arphic/bka
iu/bkaiu76.pfb><D:/Program Files (x86)/MiKTeX 2.9/fonts/type1/arphic/bkaiu/bkai
u78.pfb><D:/Program Files (x86)/MiKTeX 2.9/fonts/type1/arphic/bkaiu/bkaiu7d.pfb
><D:/Program Files (x86)/MiKTeX 2.9/fonts/type1/arphic/bkaiu/bkaiu7e.pfb><D:/Pr
ogram Files (x86)/MiKTeX 2.9/fonts/type1/arphic/bkaiu/bkaiu86.pfb><D:/Program F
iles (x86)/MiKTeX 2.9/fonts/type1/arphic/bkaiu/bkaiu8a.pfb><D:/Program Files (x
86)/MiKTeX 2.9/fonts/type1/arphic/bkaiu/bkaiu90.pfb><D:/Program Files (x86)/MiK
TeX 2.9/fonts/type1/arphic/bkaiu/bkaiu9a.pfb><D:/Program Files (x86)/MiKTeX 2.9
/fonts/type1/arphic/bkaiu/bkaiuff.pfb><D:/Program Files (x86)/MiKTeX 2.9/fonts/
type1/arphic/bsmiu/bsmiu30.pfb><D:/Program Files (x86)/MiKTeX 2.9/fonts/type1/a
rphic/bsmiu/bsmiu4e.pfb><D:/Program Files (x86)/MiKTeX 2.9/fonts/type1/arphic/b
smiu/bsmiu50.pfb><D:/Program Files (x86)/MiKTeX 2.9/fonts/type1/arphic/bsmiu/bs
miu5b.pfb><D:/Program Files (x86)/MiKTeX 2.9/fonts/type1/arphic/bsmiu/bsmiu65.p
fb><D:/Program Files (x86)/MiKTeX 2.9/fonts/type1/arphic/bsmiu/bsmiu66.pfb><D:/
Program Files (x86)/MiKTeX 2.9/fonts/type1/arphic/bsmiu/bsmiu6e.pfb><D:/Program
 Files (x86)/MiKTeX 2.9/fonts/type1/arphic/bsmiu/bsmiu74.pfb><D:/Program Files 
(x86)/MiKTeX 2.9/fonts/type1/arphic/bsmiu/bsmiu76.pfb><D:/Program Files (x86)/M
iKTeX 2.9/fonts/type1/arphic/bsmiu/bsmiu78.pfb><D:/Program Files (x86)/MiKTeX 2
.9/fonts/type1/arphic/bsmiu/bsmiu7d.pfb><D:/Program Files (x86)/MiKTeX 2.9/font
s/type1/arphic/bsmiu/bsmiu7e.pfb><D:/Program Files (x86)/MiKTeX 2.9/fonts/type1
/arphic/bsmiu/bsmiu86.pfb><D:/Program Files (x86)/MiKTeX 2.9/fonts/type1/arphic
/bsmiu/bsmiu8a.pfb><D:/Program Files (x86)/MiKTeX 2.9/fonts/type1/arphic/bsmiu/
bsmiu90.pfb><D:/Program Files (x86)/MiKTeX 2.9/fonts/type1/arphic/bsmiu/bsmiu9a
.pfb><D:/Program Files (x86)/MiKTeX 2.9/fonts/type1/arphic/bsmiu/bsmiuff.pfb><D
:/Program Files (x86)/MiKTeX 2.9/fonts/type1/public/amsfonts/cm/cmbx12.pfb><D:/
Program Files (x86)/MiKTeX 2.9/fonts/type1/public/amsfonts/cm/cmmi10.pfb><D:/Pr
ogram Files (x86)/MiKTeX 2.9/fonts/type1/public/amsfonts/cm/cmmi5.pfb><D:/Progr
am Files (x86)/MiKTeX 2.9/fonts/type1/public/amsfonts/cm/cmmi7.pfb><D:/Program 
Files (x86)/MiKTeX 2.9/fonts/type1/public/amsfonts/cm/cmr10.pfb><D:/Program Fil
es (x86)/MiKTeX 2.9/fonts/type1/public/amsfonts/cm/cmr5.pfb><D:/Program Files (
x86)/MiKTeX 2.9/fonts/type1/public/amsfonts/cm/cmr7.pfb><D:/Program Files (x86)
/MiKTeX 2.9/fonts/type1/public/amsfonts/cm/cmsy10.pfb><D:/Program Files (x86)/M
iKTeX 2.9/fonts/type1/public/amsfonts/cm/cmsy5.pfb><D:/Program Files (x86)/MiKT
eX 2.9/fonts/type1/public/amsfonts/cm/cmsy7.pfb><D:/Program Files (x86)/MiKTeX 
2.9/fonts/type1/arphic/gbsnu/gbsnu30.pfb><D:/Program Files (x86)/MiKTeX 2.9/fon
ts/type1/arphic/gbsnu/gbsnu4e.pfb><D:/Program Files (x86)/MiKTeX 2.9/fonts/type
1/arphic/gbsnu/gbsnu4f.pfb><D:/Program Files (x86)/MiKTeX 2.9/fonts/type1/arphi
c/gbsnu/gbsnu59.pfb><D:/Program Files (x86)/MiKTeX 2.9/fonts/type1/arphic/gbsnu
/gbsnu5b.pfb><D:/Program Files (x86)/MiKTeX 2.9/fonts/type1/arphic/gbsnu/gbsnu6
5.pfb><D:/Program Files (x86)/MiKTeX 2.9/fonts/type1/arphic/gbsnu/gbsnu66.pfb><
D:/Program Files (x86)/MiKTeX 2.9/fonts/type1/arphic/gbsnu/gbsnu6d.pfb><D:/Prog
ram Files (x86)/MiKTeX 2.9/fonts/type1/arphic/gbsnu/gbsnu74.pfb><D:/Program Fil
es (x86)/MiKTeX 2.9/fonts/type1/arphic/gbsnu/gbsnu7a.pfb><D:/Program Files (x86
)/MiKTeX 2.9/fonts/type1/arphic/gbsnu/gbsnu7b.pfb><D:/Program Files (x86)/MiKTe
X 2.9/fonts/type1/arphic/gbsnu/gbsnu82.pfb><D:/Program Files (x86)/MiKTeX 2.9/f
onts/type1/arphic/gbsnu/gbsnu8b.pfb><D:/Program Files (x86)/MiKTeX 2.9/fonts/ty
pe1/arphic/gbsnu/gbsnu8f.pfb><D:/Program Files (x86)/MiKTeX 2.9/fonts/type1/arp
hic/gbsnu/gbsnuff.pfb><D:/Program Files (x86)/MiKTeX 2.9/fonts/type1/arphic/gka
iu/gkaiu30.pfb><D:/Program Files (x86)/MiKTeX 2.9/fonts/type1/arphic/gkaiu/gkai
u4e.pfb><D:/Program Files (x86)/MiKTeX 2.9/fonts/type1/arphic/gkaiu/gkaiu4f.pfb
><D:/Program Files (x86)/MiKTeX 2.9/fonts/type1/arphic/gkaiu/gkaiu59.pfb><D:/Pr
ogram Files (x86)/MiKTeX 2.9/fonts/type1/arphic/gkaiu/gkaiu5b.pfb><D:/Program F
iles (x86)/MiKTeX 2.9/fonts/type1/arphic/gkaiu/gkaiu65.pfb><D:/Program Files (x
86)/MiKTeX 2.9/fonts/type1/arphic/gkaiu/gkaiu66.pfb><D:/Program Files (x86)/MiK
TeX 2.9/fonts/type1/arphic/gkaiu/gkaiu69.pfb><D:/Program Files (x86)/MiKTeX 2.9
/fonts/type1/arphic/gkaiu/gkaiu6d.pfb><D:/Program Files (x86)/MiKTeX 2.9/fonts/
type1/arphic/gkaiu/gkaiu74.pfb><D:/Program Files (x86)/MiKTeX 2.9/fonts/type1/a
rphic/gkaiu/gkaiu7b.pfb><D:/Program Files (x86)/MiKTeX 2.9/fonts/type1/arphic/g
kaiu/gkaiu8b.pfb><D:/Program Files (x86)/MiKTeX 2.9/fonts/type1/arphic/gkaiu/gk
aiu8f.pfb><D:/Program Files (x86)/MiKTeX 2.9/fonts/type1/arphic/gkaiu/gkaiuff.p
fb>
Output written on 0430-1.pdf (1 page, 284490 bytes).
PDF statistics:
 328 PDF objects out of 1000 (max. 8388607)
 0 named destinations out of 1000 (max. 500000)
 105 words of extra memory for PDF output out of 10000 (max. 10000000)

